{"level":"debug","message":"Marketplace service started","module":"marketplace","timestamp":"2025-10-12T17:11:54.282Z"}
{"level":"debug","message":"Call service started","module":"calls","timestamp":"2025-10-12T17:11:54.283Z"}
{"level":"debug","message":"Player Service started","module":"player","timestamp":"2025-10-12T17:11:54.283Z"}
{"level":"info","message":"Loading QBX bridge....","timestamp":"2025-10-12T17:11:54.283Z"}
{"level":"info","message":"QBX bridge initialized","timestamp":"2025-10-12T17:11:54.283Z"}
{"level":"debug","message":"Boot service started","module":"boot","timestamp":"2025-10-12T17:11:54.283Z"}
{"level":"debug","message":"Messages service started","module":"messages","timestamp":"2025-10-12T17:11:54.284Z"}
{"level":"debug","message":"Notes service started","module":"notes","timestamp":"2025-10-12T17:11:54.284Z"}
{"level":"debug","message":"Contacts service started","module":"contact","timestamp":"2025-10-12T17:11:54.284Z"}
{"level":"debug","message":"Photo service started","module":"photo","timestamp":"2025-10-12T17:11:54.294Z"}
{"level":"debug","message":"Twitter service started","module":"twitter","timestamp":"2025-10-12T17:11:54.295Z"}
{"level":"debug","message":"Match service started","module":"match","timestamp":"2025-10-12T17:11:54.295Z"}
{"level":"debug","message":"Beginning database schema validation","module":"boot","timestamp":"2025-10-12T17:11:54.906Z"}
{"level":"info","message":"Successfully started","timestamp":"2025-10-12T17:11:54.913Z"}
{"level":"info","message":"Executed query (SELECT COUNT(*) as count\n                       FROM information_schema.tables\n                       WHERE table_schema = ?\n                         AND table_name = ? [\"Qbox_EBD514\",\"players\"]) in 40.6195ms'","module":"DBInterface","timestamp":"2025-10-12T17:11:54.947Z"}
{"level":"info","message":"Executed query (SHOW COLUMNS IN players []) in 4.3391ms'","module":"DBInterface","timestamp":"2025-10-12T17:11:54.952Z"}
{"level":"debug","message":"Database schema successfully validated","module":"boot","timestamp":"2025-10-12T17:11:54.952Z"}
{"level":"debug","message":"Marketplace service started","module":"marketplace","timestamp":"2025-10-12T17:32:15.875Z"}
{"level":"debug","message":"Call service started","module":"calls","timestamp":"2025-10-12T17:32:15.876Z"}
{"level":"debug","message":"Player Service started","module":"player","timestamp":"2025-10-12T17:32:15.876Z"}
{"level":"info","message":"Loading QBX bridge....","timestamp":"2025-10-12T17:32:15.876Z"}
{"level":"info","message":"QBX bridge initialized","timestamp":"2025-10-12T17:32:15.876Z"}
{"level":"debug","message":"Boot service started","module":"boot","timestamp":"2025-10-12T17:32:15.876Z"}
{"level":"debug","message":"Messages service started","module":"messages","timestamp":"2025-10-12T17:32:15.877Z"}
{"level":"debug","message":"Notes service started","module":"notes","timestamp":"2025-10-12T17:32:15.877Z"}
{"level":"debug","message":"Contacts service started","module":"contact","timestamp":"2025-10-12T17:32:15.877Z"}
{"level":"debug","message":"Photo service started","module":"photo","timestamp":"2025-10-12T17:32:15.885Z"}
{"level":"debug","message":"Twitter service started","module":"twitter","timestamp":"2025-10-12T17:32:15.886Z"}
{"level":"debug","message":"Match service started","module":"match","timestamp":"2025-10-12T17:32:15.886Z"}
{"level":"debug","message":"Beginning database schema validation","module":"boot","timestamp":"2025-10-12T17:32:16.507Z"}
{"level":"info","message":"Successfully started","timestamp":"2025-10-12T17:32:16.514Z"}
{"level":"error","message":"Error executing (SELECT COUNT(*) as count\n                       FROM information_schema.tables\n                       WHERE table_schema = ?\n                         AND table_name = ? [\"Qbox_EBD514\",\"players\"]) with error message connect ECONNREFUSED 127.0.0.1:3306","module":"DBInterface","timestamp":"2025-10-12T17:32:16.541Z"}
{"level":"debug","message":"Marketplace service started","module":"marketplace","timestamp":"2025-10-12T17:34:24.955Z"}
{"level":"debug","message":"Call service started","module":"calls","timestamp":"2025-10-12T17:34:24.956Z"}
{"level":"debug","message":"Player Service started","module":"player","timestamp":"2025-10-12T17:34:24.956Z"}
{"level":"info","message":"Loading QBX bridge....","timestamp":"2025-10-12T17:34:24.956Z"}
{"level":"info","message":"QBX bridge initialized","timestamp":"2025-10-12T17:34:24.956Z"}
{"level":"debug","message":"Boot service started","module":"boot","timestamp":"2025-10-12T17:34:24.957Z"}
{"level":"debug","message":"Messages service started","module":"messages","timestamp":"2025-10-12T17:34:24.957Z"}
{"level":"debug","message":"Notes service started","module":"notes","timestamp":"2025-10-12T17:34:24.957Z"}
{"level":"debug","message":"Contacts service started","module":"contact","timestamp":"2025-10-12T17:34:24.957Z"}
{"level":"debug","message":"Photo service started","module":"photo","timestamp":"2025-10-12T17:34:24.965Z"}
{"level":"debug","message":"Twitter service started","module":"twitter","timestamp":"2025-10-12T17:34:24.966Z"}
{"level":"debug","message":"Match service started","module":"match","timestamp":"2025-10-12T17:34:24.966Z"}
{"level":"debug","message":"Beginning database schema validation","module":"boot","timestamp":"2025-10-12T17:34:25.586Z"}
{"level":"info","message":"Successfully started","timestamp":"2025-10-12T17:34:25.593Z"}
{"level":"info","message":"Executed query (SELECT COUNT(*) as count\n                       FROM information_schema.tables\n                       WHERE table_schema = ?\n                         AND table_name = ? [\"Qbox_EBD514\",\"players\"]) in 42.6833ms'","module":"DBInterface","timestamp":"2025-10-12T17:34:25.630Z"}
{"level":"info","message":"Executed query (SHOW COLUMNS IN players []) in 4.1673ms'","module":"DBInterface","timestamp":"2025-10-12T17:34:25.634Z"}
{"level":"debug","message":"Database schema successfully validated","module":"boot","timestamp":"2025-10-12T17:34:25.634Z"}
{"level":"info","message":"New NPWD Player added through event (1) (D39B1C29)","module":"player","timestamp":"2025-10-12T17:36:36.146Z"}
{"level":"debug","message":{"_firstname":"Zlatan","_identifier":"D39B1C29","_lastname":"Ibrahim","_phoneNumber":"5902894243","source":1,"username":"pionc"},"module":"player","timestamp":"2025-10-12T17:36:36.146Z"}
{"level":"info","message":"New NPWD Player added through event (1) (D39B1C29)","module":"player","timestamp":"2025-10-12T17:36:36.150Z"}
{"level":"debug","message":{"_firstname":"Zlatan","_identifier":"D39B1C29","_lastname":"Ibrahim","_phoneNumber":"5902894243","source":1,"username":"pionc"},"module":"player","timestamp":"2025-10-12T17:36:36.150Z"}
{"level":"silly","message":"netPromise > npwd:fetchTweets > RequestObj","module":"events","timestamp":"2025-10-12T17:36:36.244Z"}
{"level":"silly","message":{"data":{"pageId":0},"source":1},"module":"events","timestamp":"2025-10-12T17:36:36.244Z"}
{"level":"info","message":"Executed query (\n        SELECT *\n        FROM npwd_twitter_profiles\n        WHERE identifier = ?\n        LIMIT 1\n\t\t [\"D39B1C29\"]) in 4.1941ms'","module":"DBInterface","timestamp":"2025-10-12T17:36:36.249Z"}
{"level":"warn","message":"Aborted fetching tweets for user D39B1C29 because they do not have a profile.","module":"twitter","timestamp":"2025-10-12T17:36:36.249Z"}
{"level":"silly","message":"Response Promise Event npwd:fetchTweets:64e01a0d-ecf5-4a92-8690-8a7fb8ac2f81 (4.9725ms), Data >>","module":"events","timestamp":"2025-10-12T17:36:36.249Z"}
{"level":"silly","message":{"data":[],"status":"ok"},"module":"events","timestamp":"2025-10-12T17:36:36.249Z"}
{"level":"silly","message":"netPromise > npwd:getOrCreateTwitterProfile > RequestObj","module":"events","timestamp":"2025-10-12T17:36:36.346Z"}
{"level":"silly","message":{"data":null,"source":1},"module":"events","timestamp":"2025-10-12T17:36:36.346Z"}
{"level":"silly","message":"netPromise > phone:getMyProfile > RequestObj","module":"events","timestamp":"2025-10-12T17:36:36.347Z"}
{"level":"silly","message":{"data":null,"source":1},"module":"events","timestamp":"2025-10-12T17:36:36.347Z"}
{"level":"silly","message":"netPromise > npwd:fetchMessageGroups > RequestObj","module":"events","timestamp":"2025-10-12T17:36:36.347Z"}
{"level":"silly","message":{"data":null,"source":1},"module":"events","timestamp":"2025-10-12T17:36:36.348Z"}
{"level":"silly","message":"netPromise > npwd-contact-getAll > RequestObj","module":"events","timestamp":"2025-10-12T17:36:36.348Z"}
{"level":"silly","message":{"data":null,"source":1},"module":"events","timestamp":"2025-10-12T17:36:36.348Z"}
{"level":"info","message":"Executed query (\n        SELECT *\n        FROM npwd_twitter_profiles\n        WHERE identifier = ?\n        LIMIT 1\n\t\t [\"D39B1C29\"]) in 3.5178ms'","module":"DBInterface","timestamp":"2025-10-12T17:36:36.350Z"}
{"level":"info","message":"Creating default Twitter profile Zlatan_Ibrahim for D39B1C29","module":"twitter","timestamp":"2025-10-12T17:36:36.351Z"}
{"level":"info","message":"Executed query (\n        SELECT *\n        FROM npwd_twitter_profiles\n        WHERE identifier = ?\n        LIMIT 1\n\t\t [\"D39B1C29\"]) in 1.5483ms'","module":"DBInterface","timestamp":"2025-10-12T17:36:36.356Z"}
{"level":"silly","message":"Response Promise Event npwd:getOrCreateTwitterProfile:c9f00b00-b3f0-4768-b002-0596648476b7 (9.5775ms), Data >>","module":"events","timestamp":"2025-10-12T17:36:36.356Z"}
{"level":"silly","message":{"data":{"avatar_url":"https://i.fivemanage.com/images/3ClWwmpwkFhL.png","createdAt":"2025-10-12T17:36:36.000Z","id":1,"identifier":"D39B1C29","profile_name":"Zlatan_Ibrahim","updatedAt":"2025-10-12T17:36:36.000Z"},"status":"ok"},"module":"events","timestamp":"2025-10-12T17:36:36.356Z"}
{"level":"info","message":"Executed query (\n        SELECT *,\n               UNIX_TIMESTAMP(updatedAt) AS lastActive\n        FROM npwd_match_profiles\n        WHERE identifier = ?\n        LIMIT 1\n\t\t [\"D39B1C29\"]) in 11.6455ms'","module":"DBInterface","timestamp":"2025-10-12T17:36:36.359Z"}
{"level":"info","message":"Creating default match profile Zlatan Ibrahim for D39B1C29","module":"match","timestamp":"2025-10-12T17:36:36.359Z"}
{"level":"info","message":"Executed query (SELECT npwd_messages_conversations.id,\n                          npwd_messages_conversations.conversation_list         as conversationList,\n                          npwd_messages_participants.unread_count               as unreadCount,\n                          npwd_messages_conversations.is_group_chat             as isGroupChat,\n                          npwd_messages_conversations.label,\n                          UNIX_TIMESTAMP(npwd_messages_conversations.updatedAt) as updatedAt,\n                          npwd_messages_participants.participant\n                   FROM npwd_messages_conversations\n                            INNER JOIN npwd_messages_participants\n                                       on npwd_messages_conversations.id = npwd_messages_participants.conversation_id\n                   WHERE npwd_messages_participants.participant = ? [\"5902894243\"]) in 11.6984ms'","module":"DBInterface","timestamp":"2025-10-12T17:36:36.359Z"}
{"level":"info","message":"Executed query (SELECT * FROM npwd_phone_contacts WHERE identifier = ? ORDER BY display ASC [\"D39B1C29\"]) in 11.7623ms'","module":"DBInterface","timestamp":"2025-10-12T17:36:36.360Z"}
{"level":"silly","message":"Response Promise Event npwd:fetchMessageGroups:cd892644-3677-4efe-869b-cd9daa350f9b (11.9996ms), Data >>","module":"events","timestamp":"2025-10-12T17:36:36.360Z"}
{"level":"silly","message":{"data":[],"status":"ok"},"module":"events","timestamp":"2025-10-12T17:36:36.360Z"}
{"level":"silly","message":"Response Promise Event npwd-contact-getAll:f5177e04-3eb8-44ca-ad01-ff2ad69ada7a (12.0252ms), Data >>","module":"events","timestamp":"2025-10-12T17:36:36.360Z"}
{"level":"silly","message":{"data":[],"status":"ok"},"module":"events","timestamp":"2025-10-12T17:36:36.360Z"}
{"level":"info","message":"Executed query (\n        SELECT *,\n               UNIX_TIMESTAMP(updatedAt) AS lastActive\n        FROM npwd_match_profiles\n        WHERE identifier = ?\n        LIMIT 1\n\t\t [\"D39B1C29\"]) in 0.5566ms'","module":"DBInterface","timestamp":"2025-10-12T17:36:36.362Z"}
{"level":"silly","message":"Response Promise Event phone:getMyProfile:92d03b0a-1cab-446e-90d4-81c7995255aa (15.6948ms), Data >>","module":"events","timestamp":"2025-10-12T17:36:36.363Z"}
{"level":"silly","message":{"data":{"bio":"","createdAt":"2025-10-12T17:36:36.000Z","id":1,"identifier":"D39B1C29","image":"https://upload.wikimedia.org/wikipedia/commons/a/ac/No_image_available.svg","job":"","lastActive":1760290596,"lastActiveFormatted":"Sun, 12 Oct 2025 17:36:36 GMT","location":"","name":"Zlatan Ibrahim","tagList":[],"tags":"","updatedAt":"2025-10-12T17:36:36.000Z","viewed":false,"voiceMessage":null},"status":"ok"},"module":"events","timestamp":"2025-10-12T17:36:36.363Z"}
{"level":"silly","message":"netPromise > npwd:createTweet > RequestObj","module":"events","timestamp":"2025-10-12T17:39:41.657Z"}
{"level":"silly","message":{"data":{"images":"","message":"qqqqqqqqqqqq","retweet":null},"source":1},"module":"events","timestamp":"2025-10-12T17:39:41.658Z"}
{"level":"info","message":"Executed query (\n        SELECT *\n        FROM npwd_twitter_profiles\n        WHERE identifier = ?\n        LIMIT 1\n\t\t [\"D39B1C29\"]) in 0.9839ms'","module":"DBInterface","timestamp":"2025-10-12T17:39:41.659Z"}
{"level":"info","message":"Executed query (\n        INSERT INTO npwd_twitter_tweets (identifier, message, images, retweet, profile_id)\n        VALUES (?, ?, ?, ?, ?)\n\t\t [\"D39B1C29\",\"qqqqqqqqqqqq\",\"\",null,1]) in 2.2075ms'","module":"DBInterface","timestamp":"2025-10-12T17:39:41.661Z"}
{"level":"info","message":"Executed query (\n        SELECT \n  npwd_twitter_tweets.id,\n  npwd_twitter_tweets.identifier,\n  npwd_twitter_profiles.id AS profile_id,\n  npwd_twitter_profiles.profile_name,\n  npwd_twitter_profiles.avatar_url,\n  npwd_twitter_tweets.likes,\n  npwd_twitter_tweets.visible,\n  IFNULL(COALESCE(retweets.message, npwd_twitter_tweets.message), '') AS message,\n  IFNULL(COALESCE(retweets.images, npwd_twitter_tweets.images), '') AS images,\n  npwd_twitter_tweets.retweet IS NOT NULL AS isRetweet,\n  retweets.id AS retweetId,\n  retweets_profiles.profile_name AS retweetProfileName,\n  retweets_profiles.avatar_url AS retweetAvatarUrl,\n  npwd_twitter_likes.id IS NOT NULL AS isLiked,\n  npwd_twitter_reports.id IS NOT NULL AS isReported,\n  npwd_twitter_tweets.createdAt,\n  npwd_twitter_tweets.updatedAt,\n  TIME_TO_SEC(TIMEDIFF( NOW(), npwd_twitter_tweets.createdAt)) AS seconds_since_tweet\n\n        FROM npwd_twitter_tweets\n                 LEFT OUTER JOIN npwd_twitter_likes ON npwd_twitter_tweets.id = npwd_twitter_likes.tweet_id AND\n                                                       npwd_twitter_likes.profile_id = ?\n                 LEFT OUTER JOIN npwd_twitter_reports ON npwd_twitter_tweets.id = npwd_twitter_reports.tweet_id AND\n                                                         npwd_twitter_reports.profile_id = ?\n                 LEFT OUTER JOIN npwd_twitter_tweets AS retweets ON retweets.id = npwd_twitter_tweets.retweet\n                 LEFT OUTER JOIN npwd_twitter_profiles AS retweets_profiles\n                                 ON retweets.identifier = retweets_profiles.identifier\n                 LEFT OUTER JOIN npwd_twitter_profiles\n                                 ON npwd_twitter_tweets.identifier = npwd_twitter_profiles.identifier\n        WHERE npwd_twitter_tweets.id = ?\n\t\t [1,1,1]) in 2.4772ms'","module":"DBInterface","timestamp":"2025-10-12T17:39:41.664Z"}
{"level":"silly","message":"Response Promise Event npwd:createTweet:eeea41bd-a839-4c59-83c0-8c12af765bdc (7.0236ms), Data >>","module":"events","timestamp":"2025-10-12T17:39:41.664Z"}
{"level":"silly","message":{"status":"ok"},"module":"events","timestamp":"2025-10-12T17:39:41.664Z"}
{"level":"silly","message":"netPromise > npwd:fetchAllNotes > RequestObj","module":"events","timestamp":"2025-10-12T17:40:04.727Z"}
{"level":"silly","message":{"data":null,"source":1},"module":"events","timestamp":"2025-10-12T17:40:04.727Z"}
{"level":"info","message":"Executed query (SELECT * FROM npwd_notes WHERE identifier = ? ORDER BY id DESC [\"D39B1C29\"]) in 2.0467ms'","module":"DBInterface","timestamp":"2025-10-12T17:40:04.729Z"}
{"level":"silly","message":"Response Promise Event npwd:fetchAllNotes:1d244223-5ccb-4a50-b639-ae02bda304b0 (2.5384ms), Data >>","module":"events","timestamp":"2025-10-12T17:40:04.730Z"}
{"level":"silly","message":{"data":[],"status":"ok"},"module":"events","timestamp":"2025-10-12T17:40:04.730Z"}
{"level":"silly","message":"netPromise > npwd:FetchPhotos > RequestObj","module":"events","timestamp":"2025-10-12T17:40:08.549Z"}
{"level":"silly","message":{"data":null,"source":1},"module":"events","timestamp":"2025-10-12T17:40:08.549Z"}
{"level":"info","message":"Executed query (SELECT id, image FROM npwd_phone_gallery WHERE identifier = ? ORDER BY id DESC [\"D39B1C29\"]) in 2.0276ms'","module":"DBInterface","timestamp":"2025-10-12T17:40:08.551Z"}
{"level":"silly","message":"Response Promise Event npwd:FetchPhotos:7c9f8824-a848-4f8b-981b-840adba129e9 (2.5659ms), Data >>","module":"events","timestamp":"2025-10-12T17:40:08.551Z"}
{"level":"silly","message":{"data":[],"status":"ok"},"module":"events","timestamp":"2025-10-12T17:40:08.552Z"}
{"level":"silly","message":"netPromise > npwd:UploadPhoto > RequestObj","module":"events","timestamp":"2025-10-12T17:40:14.539Z"}
{"level":"silly","message":{"source":1},"module":"events","timestamp":"2025-10-12T17:40:14.539Z"}
{"level":"info","message":"Executed query (INSERT INTO npwd_phone_gallery (identifier, image) VALUES (?, ?) [\"D39B1C29\",\"https://r2.fivemanage.com/image/Q0VwPFZFhovF.webp\"]) in 1.2617ms'","module":"DBInterface","timestamp":"2025-10-12T17:40:15.423Z"}
{"level":"silly","message":"Response Promise Event npwd:UploadPhoto:fce9b630-cf6e-4ea0-9c5b-88b5ecb025ab (884.4299ms), Data >>","module":"events","timestamp":"2025-10-12T17:40:15.424Z"}
{"level":"silly","message":{"data":{"id":1,"image":"https://r2.fivemanage.com/image/Q0VwPFZFhovF.webp"},"status":"ok"},"module":"events","timestamp":"2025-10-12T17:40:15.424Z"}
{"level":"silly","message":"netPromise > npwd:darkchatFetchChannels > RequestObj","module":"events","timestamp":"2025-10-12T17:41:40.200Z"}
{"level":"silly","message":{"data":null,"source":1},"module":"events","timestamp":"2025-10-12T17:41:40.200Z"}
{"level":"info","message":"Executed query (SELECT npwd_darkchat_channels.id,\n                          npwd_darkchat_channels.channel_identifier AS identifier,\n                          npwd_darkchat_channels.label\n                   FROM npwd_darkchat_channels\n                            LEFT JOIN npwd_darkchat_channel_members\n                                      on npwd_darkchat_channels.id = npwd_darkchat_channel_members.channel_id\n                   WHERE npwd_darkchat_channel_members.user_identifier = ? [\"D39B1C29\"]) in 3.5867ms'","module":"DBInterface","timestamp":"2025-10-12T17:41:40.204Z"}
{"level":"silly","message":"Response Promise Event npwd:darkchatFetchChannels:d6b9fe49-cb5d-4b33-b7df-01b34df7d675 (4.1545ms), Data >>","module":"events","timestamp":"2025-10-12T17:41:40.204Z"}
{"level":"silly","message":{"data":[],"status":"ok"},"module":"events","timestamp":"2025-10-12T17:41:40.204Z"}
{"level":"silly","message":"netPromise > npwd:darkchatAddChannel > RequestObj","module":"events","timestamp":"2025-10-12T17:41:49.828Z"}
{"level":"silly","message":{"data":{"channelIdentifier":"eze"},"source":1},"module":"events","timestamp":"2025-10-12T17:41:49.828Z"}
{"level":"info","message":"Executed query (SELECT *\n                   FROM npwd_darkchat_channels\n                   WHERE channel_identifier = ? [\"eze\"]) in 1.0818ms'","module":"DBInterface","timestamp":"2025-10-12T17:41:49.829Z"}
{"level":"info","message":"Executed query (INSERT INTO npwd_darkchat_channels (channel_identifier, label)\n                   VALUES (?, ?) [\"eze\",\"eze\"]) in 0.9436ms'","module":"DBInterface","timestamp":"2025-10-12T17:41:49.831Z"}
{"level":"info","message":"Executed query (SELECT id, label\n                   FROM npwd_darkchat_channels\n                   WHERE channel_identifier = ? [\"eze\"]) in 0.5537ms'","module":"DBInterface","timestamp":"2025-10-12T17:41:49.831Z"}
{"level":"info","message":"Executed query (SELECT channel_id      AS channelId,\n                          user_identifier AS identifier,\n                          is_owner        AS isOwner\n                   FROM npwd_darkchat_channel_members\n                   WHERE channel_id = ? [20]) in 0.7339ms'","module":"DBInterface","timestamp":"2025-10-12T17:41:49.832Z"}
{"level":"info","message":"Executed query (SELECT id, label\n                   FROM npwd_darkchat_channels\n                   WHERE channel_identifier = ? [\"eze\"]) in 0.3236ms'","module":"DBInterface","timestamp":"2025-10-12T17:41:49.833Z"}
{"level":"info","message":"Executed query (INSERT INTO npwd_darkchat_channel_members (channel_id, user_identifier, is_owner)\n                   VALUES (?, ?, ?) [20,\"D39B1C29\",true]) in 0.9217ms'","module":"DBInterface","timestamp":"2025-10-12T17:41:49.834Z"}
{"level":"info","message":"Executed query (SELECT user_identifier\n                   FROM npwd_darkchat_channel_members\n                   WHERE channel_id = ?\n                     AND is_owner = 1 [20]) in 0.5012ms'","module":"DBInterface","timestamp":"2025-10-12T17:41:49.834Z"}
{"level":"info","message":"Executed query (SELECT phone_number FROM players WHERE citizenid = ? [\"D39B1C29\"]) in 0.4651ms'","module":"DBInterface","timestamp":"2025-10-12T17:41:49.835Z"}
{"level":"silly","message":"Response Promise Event npwd:darkchatAddChannel:bec36875-c665-47ae-bf82-2d74a6b78512 (7.015ms), Data >>","module":"events","timestamp":"2025-10-12T17:41:49.835Z"}
{"level":"silly","message":{"data":{"id":20,"identifier":"eze","label":"eze","owner":null},"status":"ok"},"module":"events","timestamp":"2025-10-12T17:41:49.835Z"}
{"level":"silly","message":"netPromise > npwd:darkchatFetchMessages > RequestObj","module":"events","timestamp":"2025-10-12T17:41:50.787Z"}
{"level":"silly","message":{"data":{"channelId":20},"source":1},"module":"events","timestamp":"2025-10-12T17:41:50.787Z"}
{"level":"silly","message":"netPromise > npwd:darkchatFetchMembers > RequestObj","module":"events","timestamp":"2025-10-12T17:41:50.788Z"}
{"level":"silly","message":{"data":{"channelId":20},"source":1},"module":"events","timestamp":"2025-10-12T17:41:50.788Z"}
{"level":"info","message":"Executed query (SELECT npwd_darkchat_channel_members.channel_id      AS channelId,\n                          npwd_darkchat_channel_members.is_owner        AS isOwner,\n                          npwd_darkchat_channel_members.user_identifier AS identifier\n                   FROM npwd_darkchat_channel_members\n                   WHERE channel_id = ? [20]) in 1.1582ms'","module":"DBInterface","timestamp":"2025-10-12T17:41:50.789Z"}
{"level":"silly","message":"Response Promise Event npwd:darkchatFetchMembers:52df3eba-e6e4-4241-ae43-caacbc5705f4 (1.5407ms), Data >>","module":"events","timestamp":"2025-10-12T17:41:50.789Z"}
{"level":"silly","message":{"data":[{"channelId":20,"identifier":"D39B1C29","isOwner":1,"phoneNumber":"5902894243"}],"status":"ok"},"module":"events","timestamp":"2025-10-12T17:41:50.789Z"}
{"level":"info","message":"Executed query (SELECT id,\n                          message,\n                          user_identifier           AS identifier,\n                          UNIX_TIMESTAMP(createdAt) AS createdAt,\n                          is_image                  AS isImage \n                   FROM npwd_darkchat_messages\n                   WHERE npwd_darkchat_messages.channel_id = ? [20]) in 2.5506ms'","module":"DBInterface","timestamp":"2025-10-12T17:41:50.790Z"}
{"level":"silly","message":"Response Promise Event npwd:darkchatFetchMessages:4d7bc5a0-bd54-464f-989a-3a107735d64e (3.0746ms), Data >>","module":"events","timestamp":"2025-10-12T17:41:50.790Z"}
{"level":"silly","message":{"data":[],"status":"ok"},"module":"events","timestamp":"2025-10-12T17:41:50.790Z"}
{"level":"silly","message":"netPromise > npwd:darkchatFetchMessages > RequestObj","module":"events","timestamp":"2025-10-12T17:42:01.675Z"}
{"level":"silly","message":{"data":{"channelId":20},"source":1},"module":"events","timestamp":"2025-10-12T17:42:01.675Z"}
{"level":"silly","message":"netPromise > npwd:darkchatFetchMembers > RequestObj","module":"events","timestamp":"2025-10-12T17:42:01.676Z"}
{"level":"silly","message":{"data":{"channelId":20},"source":1},"module":"events","timestamp":"2025-10-12T17:42:01.676Z"}
{"level":"info","message":"Executed query (SELECT npwd_darkchat_channel_members.channel_id      AS channelId,\n                          npwd_darkchat_channel_members.is_owner        AS isOwner,\n                          npwd_darkchat_channel_members.user_identifier AS identifier\n                   FROM npwd_darkchat_channel_members\n                   WHERE channel_id = ? [20]) in 0.662ms'","module":"DBInterface","timestamp":"2025-10-12T17:42:01.676Z"}
{"level":"silly","message":"Response Promise Event npwd:darkchatFetchMembers:e24516b3-0231-460a-9435-b946337330be (0.8731ms), Data >>","module":"events","timestamp":"2025-10-12T17:42:01.677Z"}
{"level":"silly","message":{"data":[{"channelId":20,"identifier":"D39B1C29","isOwner":1,"phoneNumber":"5902894243"}],"status":"ok"},"module":"events","timestamp":"2025-10-12T17:42:01.677Z"}
{"level":"info","message":"Executed query (SELECT id,\n                          message,\n                          user_identifier           AS identifier,\n                          UNIX_TIMESTAMP(createdAt) AS createdAt,\n                          is_image                  AS isImage \n                   FROM npwd_darkchat_messages\n                   WHERE npwd_darkchat_messages.channel_id = ? [20]) in 1.3134ms'","module":"DBInterface","timestamp":"2025-10-12T17:42:01.677Z"}
{"level":"silly","message":"Response Promise Event npwd:darkchatFetchMessages:257be676-f1c1-4929-9a07-c477139b338d (1.6533ms), Data >>","module":"events","timestamp":"2025-10-12T17:42:01.677Z"}
{"level":"silly","message":{"data":[],"status":"ok"},"module":"events","timestamp":"2025-10-12T17:42:01.677Z"}
{"level":"silly","message":"netPromise > npwd:darkchatLeaveChannel > RequestObj","module":"events","timestamp":"2025-10-12T17:42:03.140Z"}
{"level":"silly","message":{"data":{"channelId":20},"source":1},"module":"events","timestamp":"2025-10-12T17:42:03.140Z"}
{"level":"info","message":"Executed query (DELETE\n                   FROM npwd_darkchat_channel_members\n                   WHERE channel_id = ?\n                     AND user_identifier = ? [20,\"D39B1C29\"]) in 1.3902ms'","module":"DBInterface","timestamp":"2025-10-12T17:42:03.141Z"}
{"level":"silly","message":"Response Promise Event npwd:darkchatLeaveChannel:664e06ad-14f7-4fe6-84db-672dd97fddc0 (1.9094ms), Data >>","module":"events","timestamp":"2025-10-12T17:42:03.142Z"}
{"level":"silly","message":{"status":"ok"},"module":"events","timestamp":"2025-10-12T17:42:03.142Z"}
{"level":"silly","message":"netPromise > npwd:fetchCalls > RequestObj","module":"events","timestamp":"2025-10-12T17:42:15.082Z"}
{"level":"silly","message":{"data":null,"source":1},"module":"events","timestamp":"2025-10-12T17:42:15.082Z"}
{"level":"info","message":"Executed query (SELECT * FROM npwd_calls WHERE receiver = ? OR transmitter = ? ORDER BY id DESC LIMIT ? [\"5902894243\",\"5902894243\",\"50\"]) in 2.3533ms'","module":"DBInterface","timestamp":"2025-10-12T17:42:15.084Z"}
{"level":"silly","message":"Response Promise Event npwd:fetchCalls:235a9184-ae2d-4ebe-a19f-68c7813493b4 (2.8725ms), Data >>","module":"events","timestamp":"2025-10-12T17:42:15.085Z"}
{"level":"silly","message":{"data":[],"status":"ok"},"module":"events","timestamp":"2025-10-12T17:42:15.085Z"}
{"level":"silly","message":"netPromise > npwd:beginCall > RequestObj","module":"events","timestamp":"2025-10-12T17:42:20.678Z"}
{"level":"silly","message":{"data":{"isAnonymous":false,"receiverNumber":"911"},"source":1},"module":"events","timestamp":"2025-10-12T17:42:20.678Z"}
{"level":"debug","message":"invoking onCall for number","module":"calls","timestamp":"2025-10-12T17:42:20.679Z"}
{"level":"info","message":"Executed query (SELECT citizenid FROM players WHERE phone_number = ? [\"911\"]) in 1.0954ms'","module":"DBInterface","timestamp":"2025-10-12T17:42:20.680Z"}
{"level":"info","message":"Executed query (INSERT INTO npwd_calls (identifier, transmitter, receiver, isAnonymous, `start`) VALUES (?, ?, ?, ?, ?) [\"9ba3e90d-1b73-48e6-a9fb-21152a7d3fe8\",\"5902894243\",\"911\",false,\"1760290940\"]) in 1.1684ms'","module":"DBInterface","timestamp":"2025-10-12T17:42:20.682Z"}
{"level":"silly","message":"Response Promise Event npwd:beginCall:ace48638-49a9-4bf0-9afa-827d8cdbe13a (3.5216ms), Data >>","module":"events","timestamp":"2025-10-12T17:42:20.682Z"}
{"level":"silly","message":{"data":{"identifier":"9ba3e90d-1b73-48e6-a9fb-21152a7d3fe8","isTransmitter":true,"isUnavailable":true,"is_accepted":false,"receiver":"911","start":"1760290940","transmitter":"5902894243"},"status":"ok"},"module":"events","timestamp":"2025-10-12T17:42:20.682Z"}
{"level":"silly","message":"netPromise > npwd:endCall > RequestObj","module":"events","timestamp":"2025-10-12T17:42:32.203Z"}
{"level":"silly","message":{"data":{"isTransmitter":true,"isUnavailable":true,"transmitterNumber":"5902894243"},"source":1},"module":"events","timestamp":"2025-10-12T17:42:32.203Z"}
{"level":"silly","message":"Response Promise Event npwd:endCall:cf9477d7-71a5-4b7d-bb8f-c7e2d5200b85 (0.4074ms), Data >>","module":"events","timestamp":"2025-10-12T17:42:32.203Z"}
{"level":"silly","message":{"status":"ok"},"module":"events","timestamp":"2025-10-12T17:42:32.203Z"}
{"level":"silly","message":"netPromise > npwd:fetchAllListings > RequestObj","module":"events","timestamp":"2025-10-12T17:42:35.673Z"}
{"level":"silly","message":{"data":null,"source":1},"module":"events","timestamp":"2025-10-12T17:42:35.673Z"}
{"level":"info","message":"Executed query (SELECT * FROM npwd_marketplace_listings WHERE reported = 0 ORDER BY id DESC []) in 2.3979ms'","module":"DBInterface","timestamp":"2025-10-12T17:42:35.676Z"}
{"level":"silly","message":"Response Promise Event npwd:fetchAllListings:2ae435fa-0238-4820-868b-eb0be7aeafa7 (2.917ms), Data >>","module":"events","timestamp":"2025-10-12T17:42:35.676Z"}
{"level":"silly","message":{"data":[],"status":"ok"},"module":"events","timestamp":"2025-10-12T17:42:35.676Z"}
{"level":"info","message":"Executed query (SELECT id FROM npwd_marketplace_listings WHERE identifier = ? [\"D39B1C29\"]) in 2.8495ms'","module":"DBInterface","timestamp":"2025-10-12T17:45:47.588Z"}
{"level":"info","message":"Executed query (DELETE FROM npwd_marketplace_listings WHERE identifier = ? AND reported = 0 [\"D39B1C29\"]) in 0.4774ms'","module":"DBInterface","timestamp":"2025-10-12T17:45:47.588Z"}
{"level":"info","message":"Unloaded NPWD Player, source: (1)","module":"player","timestamp":"2025-10-12T17:45:47.589Z"}
{"level":"info","message":"New NPWD Player added through event (2) (D39B1C29)","module":"player","timestamp":"2025-10-12T17:48:07.609Z"}
{"level":"debug","message":{"_firstname":"Zlatan","_identifier":"D39B1C29","_lastname":"Ibrahim","_phoneNumber":"5902894243","source":2,"username":"pionc"},"module":"player","timestamp":"2025-10-12T17:48:07.609Z"}
{"level":"info","message":"New NPWD Player added through event (2) (D39B1C29)","module":"player","timestamp":"2025-10-12T17:48:07.613Z"}
{"level":"debug","message":{"_firstname":"Zlatan","_identifier":"D39B1C29","_lastname":"Ibrahim","_phoneNumber":"5902894243","source":2,"username":"pionc"},"module":"player","timestamp":"2025-10-12T17:48:07.613Z"}
{"level":"silly","message":"netPromise > npwd:fetchTweets > RequestObj","module":"events","timestamp":"2025-10-12T17:48:07.659Z"}
{"level":"silly","message":{"data":{"pageId":0},"source":2},"module":"events","timestamp":"2025-10-12T17:48:07.659Z"}
{"level":"info","message":"Executed query (\n        SELECT *\n        FROM npwd_twitter_profiles\n        WHERE identifier = ?\n        LIMIT 1\n\t\t [\"D39B1C29\"]) in 1.323ms'","module":"DBInterface","timestamp":"2025-10-12T17:48:07.661Z"}
{"level":"info","message":"Executed query (\n        SELECT \n  npwd_twitter_tweets.id,\n  npwd_twitter_tweets.identifier,\n  npwd_twitter_profiles.id AS profile_id,\n  npwd_twitter_profiles.profile_name,\n  npwd_twitter_profiles.avatar_url,\n  npwd_twitter_tweets.likes,\n  npwd_twitter_tweets.visible,\n  IFNULL(COALESCE(retweets.message, npwd_twitter_tweets.message), '') AS message,\n  IFNULL(COALESCE(retweets.images, npwd_twitter_tweets.images), '') AS images,\n  npwd_twitter_tweets.retweet IS NOT NULL AS isRetweet,\n  retweets.id AS retweetId,\n  retweets_profiles.profile_name AS retweetProfileName,\n  retweets_profiles.avatar_url AS retweetAvatarUrl,\n  npwd_twitter_likes.id IS NOT NULL AS isLiked,\n  npwd_twitter_reports.id IS NOT NULL AS isReported,\n  npwd_twitter_tweets.createdAt,\n  npwd_twitter_tweets.updatedAt,\n  TIME_TO_SEC(TIMEDIFF( NOW(), npwd_twitter_tweets.createdAt)) AS seconds_since_tweet\n\n        FROM npwd_twitter_tweets\n                 LEFT OUTER JOIN npwd_twitter_profiles\n                                 ON npwd_twitter_tweets.identifier = npwd_twitter_profiles.identifier\n                 LEFT OUTER JOIN npwd_twitter_likes ON npwd_twitter_tweets.id = npwd_twitter_likes.tweet_id AND\n                                                       npwd_twitter_likes.profile_id = ?\n                 LEFT OUTER JOIN npwd_twitter_reports ON npwd_twitter_tweets.id = npwd_twitter_reports.tweet_id AND\n                                                         npwd_twitter_reports.profile_id = ?\n                 LEFT OUTER JOIN npwd_twitter_tweets AS retweets ON retweets.id = npwd_twitter_tweets.retweet\n                 LEFT OUTER JOIN npwd_twitter_profiles AS retweets_profiles\n                                 ON retweets.identifier = retweets_profiles.identifier\n        WHERE npwd_twitter_tweets.visible = 1\n        ORDER BY id DESC\n        LIMIT ? OFFSET ?\n\t\t [1,1,\"25\",\"0\"]) in 4.6314ms'","module":"DBInterface","timestamp":"2025-10-12T17:48:07.666Z"}
{"level":"silly","message":"Response Promise Event npwd:fetchTweets:46144281-a1e9-46ef-bac8-773780a09f4b (6.6257ms), Data >>","module":"events","timestamp":"2025-10-12T17:48:07.666Z"}
{"level":"silly","message":{"data":[{"avatar_url":"https://i.fivemanage.com/images/3ClWwmpwkFhL.png","createdAt":"2025-10-12T17:39:41.000Z","id":1,"identifier":"D39B1C29","images":"","isLiked":0,"isMine":true,"isReported":0,"isRetweet":false,"likes":0,"message":"qqqqqqqqqqqq","profile_id":1,"profile_name":"Zlatan_Ibrahim","retweetAvatarUrl":null,"retweetId":null,"retweetProfileName":null,"seconds_since_tweet":506,"updatedAt":"2025-10-12T17:39:41.000Z","visible":1}],"status":"ok"},"module":"events","timestamp":"2025-10-12T17:48:07.666Z"}
{"level":"silly","message":"netPromise > npwd:getOrCreateTwitterProfile > RequestObj","module":"events","timestamp":"2025-10-12T17:48:07.710Z"}
{"level":"silly","message":{"data":null,"source":2},"module":"events","timestamp":"2025-10-12T17:48:07.710Z"}
{"level":"silly","message":"netPromise > phone:getMyProfile > RequestObj","module":"events","timestamp":"2025-10-12T17:48:07.710Z"}
{"level":"silly","message":{"data":null,"source":2},"module":"events","timestamp":"2025-10-12T17:48:07.710Z"}
{"level":"silly","message":"netPromise > npwd:fetchMessageGroups > RequestObj","module":"events","timestamp":"2025-10-12T17:48:07.710Z"}
{"level":"silly","message":{"data":null,"source":2},"module":"events","timestamp":"2025-10-12T17:48:07.710Z"}
{"level":"silly","message":"netPromise > npwd-contact-getAll > RequestObj","module":"events","timestamp":"2025-10-12T17:48:07.710Z"}
{"level":"silly","message":{"data":null,"source":2},"module":"events","timestamp":"2025-10-12T17:48:07.710Z"}
{"level":"info","message":"Executed query (\n        SELECT *\n        FROM npwd_twitter_profiles\n        WHERE identifier = ?\n        LIMIT 1\n\t\t [\"D39B1C29\"]) in 1.6051ms'","module":"DBInterface","timestamp":"2025-10-12T17:48:07.712Z"}
{"level":"silly","message":"Response Promise Event npwd:getOrCreateTwitterProfile:90d5484e-8266-4c95-9964-2bd572915547 (1.9021ms), Data >>","module":"events","timestamp":"2025-10-12T17:48:07.712Z"}
{"level":"info","message":"Executed query (SELECT npwd_messages_conversations.id,\n                          npwd_messages_conversations.conversation_list         as conversationList,\n                          npwd_messages_participants.unread_count               as unreadCount,\n                          npwd_messages_conversations.is_group_chat             as isGroupChat,\n                          npwd_messages_conversations.label,\n                          UNIX_TIMESTAMP(npwd_messages_conversations.updatedAt) as updatedAt,\n                          npwd_messages_participants.participant\n                   FROM npwd_messages_conversations\n                            INNER JOIN npwd_messages_participants\n                                       on npwd_messages_conversations.id = npwd_messages_participants.conversation_id\n                   WHERE npwd_messages_participants.participant = ? [\"5902894243\"]) in 2.5186ms'","module":"DBInterface","timestamp":"2025-10-12T17:48:07.713Z"}
{"level":"silly","message":{"data":{"avatar_url":"https://i.fivemanage.com/images/3ClWwmpwkFhL.png","createdAt":"2025-10-12T17:36:36.000Z","id":1,"identifier":"D39B1C29","profile_name":"Zlatan_Ibrahim","updatedAt":"2025-10-12T17:36:36.000Z"},"status":"ok"},"module":"events","timestamp":"2025-10-12T17:48:07.712Z"}
{"level":"silly","message":"Response Promise Event npwd:fetchMessageGroups:eb0ce979-2b0c-40b4-ad37-98a80068e63f (2.6879ms), Data >>","module":"events","timestamp":"2025-10-12T17:48:07.713Z"}
{"level":"silly","message":{"data":[],"status":"ok"},"module":"events","timestamp":"2025-10-12T17:48:07.713Z"}
{"level":"info","message":"Executed query (SELECT * FROM npwd_phone_contacts WHERE identifier = ? ORDER BY display ASC [\"D39B1C29\"]) in 2.7595ms'","module":"DBInterface","timestamp":"2025-10-12T17:48:07.713Z"}
{"level":"silly","message":"Response Promise Event npwd-contact-getAll:5cc18903-9383-4c6a-979e-687fc3155946 (2.9195ms), Data >>","module":"events","timestamp":"2025-10-12T17:48:07.713Z"}
{"level":"info","message":"Executed query (\n        SELECT *,\n               UNIX_TIMESTAMP(updatedAt) AS lastActive\n        FROM npwd_match_profiles\n        WHERE identifier = ?\n        LIMIT 1\n\t\t [\"D39B1C29\"]) in 3.3918ms'","module":"DBInterface","timestamp":"2025-10-12T17:48:07.714Z"}
{"level":"silly","message":{"data":[],"status":"ok"},"module":"events","timestamp":"2025-10-12T17:48:07.713Z"}
{"level":"silly","message":"Response Promise Event phone:getMyProfile:ba8080b4-59a6-464d-9a05-c9c168699686 (3.6514ms), Data >>","module":"events","timestamp":"2025-10-12T17:48:07.714Z"}
{"level":"silly","message":{"data":{"bio":"","createdAt":"2025-10-12T17:36:36.000Z","id":1,"identifier":"D39B1C29","image":"https://upload.wikimedia.org/wikipedia/commons/a/ac/No_image_available.svg","job":"","lastActive":1760290596,"lastActiveFormatted":"Sun, 12 Oct 2025 17:36:36 GMT","location":"","name":"Zlatan Ibrahim","tagList":[],"tags":"","updatedAt":"2025-10-12T17:36:36.000Z","viewed":false,"voiceMessage":null},"status":"ok"},"module":"events","timestamp":"2025-10-12T17:48:07.714Z"}
{"level":"info","message":"Executed query (SELECT id FROM npwd_marketplace_listings WHERE identifier = ? [\"D39B1C29\"]) in 2.9104ms'","module":"DBInterface","timestamp":"2025-10-12T18:12:41.327Z"}
{"level":"info","message":"Executed query (DELETE FROM npwd_marketplace_listings WHERE identifier = ? AND reported = 0 [\"D39B1C29\"]) in 0.6284ms'","module":"DBInterface","timestamp":"2025-10-12T18:12:41.328Z"}
{"level":"info","message":"Unloaded NPWD Player, source: (2)","module":"player","timestamp":"2025-10-12T18:12:41.328Z"}
{"level":"debug","message":"Marketplace service started","module":"marketplace","timestamp":"2025-10-13T16:20:58.144Z"}
{"level":"debug","message":"Call service started","module":"calls","timestamp":"2025-10-13T16:20:58.146Z"}
{"level":"debug","message":"Player Service started","module":"player","timestamp":"2025-10-13T16:20:58.146Z"}
{"level":"info","message":"Loading QBX bridge....","timestamp":"2025-10-13T16:20:58.146Z"}
{"level":"info","message":"QBX bridge initialized","timestamp":"2025-10-13T16:20:58.146Z"}
{"level":"debug","message":"Boot service started","module":"boot","timestamp":"2025-10-13T16:20:58.147Z"}
{"level":"debug","message":"Messages service started","module":"messages","timestamp":"2025-10-13T16:20:58.147Z"}
{"level":"debug","message":"Notes service started","module":"notes","timestamp":"2025-10-13T16:20:58.147Z"}
{"level":"debug","message":"Contacts service started","module":"contact","timestamp":"2025-10-13T16:20:58.148Z"}
{"level":"debug","message":"Photo service started","module":"photo","timestamp":"2025-10-13T16:20:58.169Z"}
{"level":"debug","message":"Twitter service started","module":"twitter","timestamp":"2025-10-13T16:20:58.169Z"}
{"level":"debug","message":"Match service started","module":"match","timestamp":"2025-10-13T16:20:58.170Z"}
{"level":"debug","message":"Beginning database schema validation","module":"boot","timestamp":"2025-10-13T16:20:58.898Z"}
{"level":"info","message":"Successfully started","timestamp":"2025-10-13T16:20:58.905Z"}
{"level":"info","message":"Executed query (SELECT COUNT(*) as count\n                       FROM information_schema.tables\n                       WHERE table_schema = ?\n                         AND table_name = ? [\"Qbox_EBD514\",\"players\"]) in 62.3832ms'","module":"DBInterface","timestamp":"2025-10-13T16:20:58.961Z"}
{"level":"info","message":"Executed query (SHOW COLUMNS IN players []) in 8.3661ms'","module":"DBInterface","timestamp":"2025-10-13T16:20:58.969Z"}
{"level":"debug","message":"Database schema successfully validated","module":"boot","timestamp":"2025-10-13T16:20:58.969Z"}
{"level":"info","message":"New NPWD Player added through event (1) (D39B1C29)","module":"player","timestamp":"2025-10-13T17:20:17.859Z"}
{"level":"debug","message":{"_firstname":"Zlatan","_identifier":"D39B1C29","_lastname":"Ibrahim","_phoneNumber":"5902894243","source":1,"username":"pionc"},"module":"player","timestamp":"2025-10-13T17:20:17.860Z"}
{"level":"info","message":"New NPWD Player added through event (1) (D39B1C29)","module":"player","timestamp":"2025-10-13T17:20:17.866Z"}
{"level":"debug","message":{"_firstname":"Zlatan","_identifier":"D39B1C29","_lastname":"Ibrahim","_phoneNumber":"5902894243","source":1,"username":"pionc"},"module":"player","timestamp":"2025-10-13T17:20:17.867Z"}
{"level":"silly","message":"netPromise > npwd:fetchTweets > RequestObj","module":"events","timestamp":"2025-10-13T17:20:17.908Z"}
{"level":"silly","message":{"data":{"pageId":0},"source":1},"module":"events","timestamp":"2025-10-13T17:20:17.908Z"}
{"level":"info","message":"Executed query (\n        SELECT *\n        FROM npwd_twitter_profiles\n        WHERE identifier = ?\n        LIMIT 1\n\t\t [\"D39B1C29\"]) in 7.9417ms'","module":"DBInterface","timestamp":"2025-10-13T17:20:17.917Z"}
{"level":"info","message":"Executed query (\n        SELECT \n  npwd_twitter_tweets.id,\n  npwd_twitter_tweets.identifier,\n  npwd_twitter_profiles.id AS profile_id,\n  npwd_twitter_profiles.profile_name,\n  npwd_twitter_profiles.avatar_url,\n  npwd_twitter_tweets.likes,\n  npwd_twitter_tweets.visible,\n  IFNULL(COALESCE(retweets.message, npwd_twitter_tweets.message), '') AS message,\n  IFNULL(COALESCE(retweets.images, npwd_twitter_tweets.images), '') AS images,\n  npwd_twitter_tweets.retweet IS NOT NULL AS isRetweet,\n  retweets.id AS retweetId,\n  retweets_profiles.profile_name AS retweetProfileName,\n  retweets_profiles.avatar_url AS retweetAvatarUrl,\n  npwd_twitter_likes.id IS NOT NULL AS isLiked,\n  npwd_twitter_reports.id IS NOT NULL AS isReported,\n  npwd_twitter_tweets.createdAt,\n  npwd_twitter_tweets.updatedAt,\n  TIME_TO_SEC(TIMEDIFF( NOW(), npwd_twitter_tweets.createdAt)) AS seconds_since_tweet\n\n        FROM npwd_twitter_tweets\n                 LEFT OUTER JOIN npwd_twitter_profiles\n                                 ON npwd_twitter_tweets.identifier = npwd_twitter_profiles.identifier\n                 LEFT OUTER JOIN npwd_twitter_likes ON npwd_twitter_tweets.id = npwd_twitter_likes.tweet_id AND\n                                                       npwd_twitter_likes.profile_id = ?\n                 LEFT OUTER JOIN npwd_twitter_reports ON npwd_twitter_tweets.id = npwd_twitter_reports.tweet_id AND\n                                                         npwd_twitter_reports.profile_id = ?\n                 LEFT OUTER JOIN npwd_twitter_tweets AS retweets ON retweets.id = npwd_twitter_tweets.retweet\n                 LEFT OUTER JOIN npwd_twitter_profiles AS retweets_profiles\n                                 ON retweets.identifier = retweets_profiles.identifier\n        WHERE npwd_twitter_tweets.visible = 1\n        ORDER BY id DESC\n        LIMIT ? OFFSET ?\n\t\t [1,1,\"25\",\"0\"]) in 7.9604ms'","module":"DBInterface","timestamp":"2025-10-13T17:20:17.925Z"}
{"level":"silly","message":"Response Promise Event npwd:fetchTweets:f4bf1b0f-9937-4563-bb00-6f68c52e1d8d (17.1077ms), Data >>","module":"events","timestamp":"2025-10-13T17:20:17.925Z"}
{"level":"silly","message":{"data":[{"avatar_url":"https://i.fivemanage.com/images/3ClWwmpwkFhL.png","createdAt":"2025-10-12T17:39:41.000Z","id":1,"identifier":"D39B1C29","images":"","isLiked":0,"isMine":true,"isReported":0,"isRetweet":false,"likes":0,"message":"qqqqqqqqqqqq","profile_id":1,"profile_name":"Zlatan_Ibrahim","retweetAvatarUrl":null,"retweetId":null,"retweetProfileName":null,"seconds_since_tweet":85236,"updatedAt":"2025-10-12T17:39:41.000Z","visible":1}],"status":"ok"},"module":"events","timestamp":"2025-10-13T17:20:17.925Z"}
{"level":"silly","message":"netPromise > npwd:getOrCreateTwitterProfile > RequestObj","module":"events","timestamp":"2025-10-13T17:20:18.007Z"}
{"level":"silly","message":{"data":null,"source":1},"module":"events","timestamp":"2025-10-13T17:20:18.007Z"}
{"level":"silly","message":"netPromise > phone:getMyProfile > RequestObj","module":"events","timestamp":"2025-10-13T17:20:18.007Z"}
{"level":"silly","message":{"data":null,"source":1},"module":"events","timestamp":"2025-10-13T17:20:18.007Z"}
{"level":"silly","message":"netPromise > npwd:fetchMessageGroups > RequestObj","module":"events","timestamp":"2025-10-13T17:20:18.008Z"}
{"level":"silly","message":{"data":null,"source":1},"module":"events","timestamp":"2025-10-13T17:20:18.008Z"}
{"level":"silly","message":"netPromise > npwd-contact-getAll > RequestObj","module":"events","timestamp":"2025-10-13T17:20:18.010Z"}
{"level":"silly","message":{"data":null,"source":1},"module":"events","timestamp":"2025-10-13T17:20:18.010Z"}
{"level":"info","message":"Executed query (\n        SELECT *\n        FROM npwd_twitter_profiles\n        WHERE identifier = ?\n        LIMIT 1\n\t\t [\"D39B1C29\"]) in 4.6576ms'","module":"DBInterface","timestamp":"2025-10-13T17:20:18.012Z"}
{"level":"silly","message":"Response Promise Event npwd:getOrCreateTwitterProfile:39ee3bb8-5fdc-4f3f-9e15-17aa43ab86f5 (5.2341ms), Data >>","module":"events","timestamp":"2025-10-13T17:20:18.012Z"}
{"level":"silly","message":{"data":{"avatar_url":"https://i.fivemanage.com/images/3ClWwmpwkFhL.png","createdAt":"2025-10-12T17:36:36.000Z","id":1,"identifier":"D39B1C29","profile_name":"Zlatan_Ibrahim","updatedAt":"2025-10-12T17:36:36.000Z"},"status":"ok"},"module":"events","timestamp":"2025-10-13T17:20:18.012Z"}
{"level":"info","message":"Executed query (\n        SELECT *,\n               UNIX_TIMESTAMP(updatedAt) AS lastActive\n        FROM npwd_match_profiles\n        WHERE identifier = ?\n        LIMIT 1\n\t\t [\"D39B1C29\"]) in 13.3312ms'","module":"DBInterface","timestamp":"2025-10-13T17:20:18.021Z"}
{"level":"silly","message":"Response Promise Event phone:getMyProfile:3b3893a7-67c1-4265-942e-10e88841e2f4 (14.1296ms), Data >>","module":"events","timestamp":"2025-10-13T17:20:18.022Z"}
{"level":"info","message":"Executed query (SELECT * FROM npwd_phone_contacts WHERE identifier = ? ORDER BY display ASC [\"D39B1C29\"]) in 12.3074ms'","module":"DBInterface","timestamp":"2025-10-13T17:20:18.022Z"}
{"level":"silly","message":{"data":{"bio":"","createdAt":"2025-10-12T17:36:36.000Z","id":1,"identifier":"D39B1C29","image":"https://upload.wikimedia.org/wikipedia/commons/a/ac/No_image_available.svg","job":"","lastActive":1760290596,"lastActiveFormatted":"Sun, 12 Oct 2025 17:36:36 GMT","location":"","name":"Zlatan Ibrahim","tagList":[],"tags":"","updatedAt":"2025-10-12T17:36:36.000Z","viewed":false,"voiceMessage":null},"status":"ok"},"module":"events","timestamp":"2025-10-13T17:20:18.022Z"}
{"level":"info","message":"Executed query (SELECT npwd_messages_conversations.id,\n                          npwd_messages_conversations.conversation_list         as conversationList,\n                          npwd_messages_participants.unread_count               as unreadCount,\n                          npwd_messages_conversations.is_group_chat             as isGroupChat,\n                          npwd_messages_conversations.label,\n                          UNIX_TIMESTAMP(npwd_messages_conversations.updatedAt) as updatedAt,\n                          npwd_messages_participants.participant\n                   FROM npwd_messages_conversations\n                            INNER JOIN npwd_messages_participants\n                                       on npwd_messages_conversations.id = npwd_messages_participants.conversation_id\n                   WHERE npwd_messages_participants.participant = ? [\"5902894243\"]) in 14.132ms'","module":"DBInterface","timestamp":"2025-10-13T17:20:18.023Z"}
{"level":"silly","message":"Response Promise Event npwd-contact-getAll:ff7204f9-8807-4f63-a513-9fdcf97c9586 (12.6267ms), Data >>","module":"events","timestamp":"2025-10-13T17:20:18.022Z"}
{"level":"silly","message":{"data":[],"status":"ok"},"module":"events","timestamp":"2025-10-13T17:20:18.022Z"}
{"level":"silly","message":"Response Promise Event npwd:fetchMessageGroups:ebbaff09-832a-426e-9e94-b0aea433a219 (14.531ms), Data >>","module":"events","timestamp":"2025-10-13T17:20:18.023Z"}
{"level":"silly","message":{"data":[],"status":"ok"},"module":"events","timestamp":"2025-10-13T17:20:18.023Z"}
{"level":"silly","message":"netPromise > npwd:darkchatFetchChannels > RequestObj","module":"events","timestamp":"2025-10-13T17:26:10.903Z"}
{"level":"silly","message":{"data":null,"source":1},"module":"events","timestamp":"2025-10-13T17:26:10.903Z"}
{"level":"info","message":"Executed query (SELECT npwd_darkchat_channels.id,\n                          npwd_darkchat_channels.channel_identifier AS identifier,\n                          npwd_darkchat_channels.label\n                   FROM npwd_darkchat_channels\n                            LEFT JOIN npwd_darkchat_channel_members\n                                      on npwd_darkchat_channels.id = npwd_darkchat_channel_members.channel_id\n                   WHERE npwd_darkchat_channel_members.user_identifier = ? [\"D39B1C29\"]) in 6.0677ms'","module":"DBInterface","timestamp":"2025-10-13T17:26:10.909Z"}
{"level":"silly","message":"Response Promise Event npwd:darkchatFetchChannels:134b93fd-d1b5-4a1d-8e07-ce7e0af28eb7 (6.7475ms), Data >>","module":"events","timestamp":"2025-10-13T17:26:10.909Z"}
{"level":"silly","message":{"data":[],"status":"ok"},"module":"events","timestamp":"2025-10-13T17:26:10.909Z"}
{"level":"silly","message":"netPromise > npwd:fetchAllListings > RequestObj","module":"events","timestamp":"2025-10-13T17:26:26.960Z"}
{"level":"silly","message":{"data":null,"source":1},"module":"events","timestamp":"2025-10-13T17:26:26.960Z"}
{"level":"info","message":"Executed query (SELECT * FROM npwd_marketplace_listings WHERE reported = 0 ORDER BY id DESC []) in 2.5949ms'","module":"DBInterface","timestamp":"2025-10-13T17:26:26.963Z"}
{"level":"silly","message":"Response Promise Event npwd:fetchAllListings:26801abe-ab37-42de-899f-273f72e6c72d (3.2466ms), Data >>","module":"events","timestamp":"2025-10-13T17:26:26.964Z"}
{"level":"silly","message":{"data":[],"status":"ok"},"module":"events","timestamp":"2025-10-13T17:26:26.964Z"}
{"level":"silly","message":"netPromise > phone:getMatchProfiles > RequestObj","module":"events","timestamp":"2025-10-13T17:26:34.972Z"}
{"level":"silly","message":{"data":null,"source":1},"module":"events","timestamp":"2025-10-13T17:26:34.972Z"}
{"level":"info","message":"Executed query (\n        SELECT npwd_match_profiles.*,\n               UNIX_TIMESTAMP(npwd_match_profiles.updatedAt) AS lastActive,\n               MaxDates.lastSeen,\n               MaxDates.liked\n        FROM npwd_match_profiles\n                 LEFT OUTER JOIN (\n            SELECT id, profile, liked, MAX(createdAt) AS lastSeen\n            FROM npwd_match_views\n            WHERE identifier = ?\n            GROUP BY id, profile, liked\n        ) AS MaxDates ON npwd_match_profiles.id = MaxDates.profile\n        WHERE npwd_match_profiles.identifier != ?\n          AND (MaxDates.lastSeen IS NULL OR MaxDates.lastSeen < NOW() - INTERVAL 7 DAY)\n          AND MaxDates.liked IS NULL\n        ORDER BY npwd_match_profiles.updatedAt DESC\n        LIMIT 25\n\t\t [\"D39B1C29\",\"D39B1C29\"]) in 3.2976ms'","module":"DBInterface","timestamp":"2025-10-13T17:26:34.976Z"}
{"level":"silly","message":"Response Promise Event phone:getMatchProfiles:4f969c25-0366-41e3-bb84-23871ab4cda8 (3.9228ms), Data >>","module":"events","timestamp":"2025-10-13T17:26:34.976Z"}
{"level":"silly","message":{"data":[],"status":"ok"},"module":"events","timestamp":"2025-10-13T17:26:34.976Z"}
{"level":"info","message":"Executed query (SELECT id FROM npwd_marketplace_listings WHERE identifier = ? [\"D39B1C29\"]) in 8.1644ms'","module":"DBInterface","timestamp":"2025-10-13T18:35:52.642Z"}
{"level":"info","message":"Executed query (DELETE FROM npwd_marketplace_listings WHERE identifier = ? AND reported = 0 [\"D39B1C29\"]) in 1.4352ms'","module":"DBInterface","timestamp":"2025-10-13T18:35:52.644Z"}
{"level":"info","message":"Unloaded NPWD Player, source: (1)","module":"player","timestamp":"2025-10-13T18:35:52.644Z"}
{"level":"debug","message":"Marketplace service started","module":"marketplace","timestamp":"2025-10-13T19:45:06.520Z"}
{"level":"debug","message":"Call service started","module":"calls","timestamp":"2025-10-13T19:45:06.521Z"}
{"level":"debug","message":"Player Service started","module":"player","timestamp":"2025-10-13T19:45:06.521Z"}
{"level":"info","message":"Loading QBX bridge....","timestamp":"2025-10-13T19:45:06.521Z"}
{"level":"info","message":"QBX bridge initialized","timestamp":"2025-10-13T19:45:06.521Z"}
{"level":"debug","message":"Boot service started","module":"boot","timestamp":"2025-10-13T19:45:06.521Z"}
{"level":"debug","message":"Messages service started","module":"messages","timestamp":"2025-10-13T19:45:06.522Z"}
{"level":"debug","message":"Notes service started","module":"notes","timestamp":"2025-10-13T19:45:06.522Z"}
{"level":"debug","message":"Contacts service started","module":"contact","timestamp":"2025-10-13T19:45:06.522Z"}
{"level":"debug","message":"Photo service started","module":"photo","timestamp":"2025-10-13T19:45:06.534Z"}
{"level":"debug","message":"Twitter service started","module":"twitter","timestamp":"2025-10-13T19:45:06.534Z"}
{"level":"debug","message":"Match service started","module":"match","timestamp":"2025-10-13T19:45:06.534Z"}
{"level":"debug","message":"Beginning database schema validation","module":"boot","timestamp":"2025-10-13T19:45:07.169Z"}
{"level":"info","message":"Successfully started","timestamp":"2025-10-13T19:45:07.176Z"}
{"level":"info","message":"Executed query (SELECT COUNT(*) as count\n                       FROM information_schema.tables\n                       WHERE table_schema = ?\n                         AND table_name = ? [\"Qbox_EBD514\",\"players\"]) in 44.0292ms'","module":"DBInterface","timestamp":"2025-10-13T19:45:07.213Z"}
{"level":"info","message":"Executed query (SHOW COLUMNS IN players []) in 4.5598ms'","module":"DBInterface","timestamp":"2025-10-13T19:45:07.218Z"}
{"level":"debug","message":"Database schema successfully validated","module":"boot","timestamp":"2025-10-13T19:45:07.218Z"}
{"level":"debug","message":"Marketplace service started","module":"marketplace","timestamp":"2025-10-13T19:45:22.563Z"}
{"level":"debug","message":"Call service started","module":"calls","timestamp":"2025-10-13T19:45:22.564Z"}
{"level":"debug","message":"Player Service started","module":"player","timestamp":"2025-10-13T19:45:22.564Z"}
{"level":"info","message":"Loading QBX bridge....","timestamp":"2025-10-13T19:45:22.564Z"}
{"level":"info","message":"QBX bridge initialized","timestamp":"2025-10-13T19:45:22.564Z"}
{"level":"debug","message":"Boot service started","module":"boot","timestamp":"2025-10-13T19:45:22.565Z"}
{"level":"debug","message":"Messages service started","module":"messages","timestamp":"2025-10-13T19:45:22.565Z"}
{"level":"debug","message":"Notes service started","module":"notes","timestamp":"2025-10-13T19:45:22.565Z"}
{"level":"debug","message":"Contacts service started","module":"contact","timestamp":"2025-10-13T19:45:22.565Z"}
{"level":"debug","message":"Photo service started","module":"photo","timestamp":"2025-10-13T19:45:22.576Z"}
{"level":"debug","message":"Twitter service started","module":"twitter","timestamp":"2025-10-13T19:45:22.576Z"}
{"level":"debug","message":"Match service started","module":"match","timestamp":"2025-10-13T19:45:22.577Z"}
{"level":"debug","message":"Beginning database schema validation","module":"boot","timestamp":"2025-10-13T19:45:23.185Z"}
{"level":"info","message":"Successfully started","timestamp":"2025-10-13T19:45:23.192Z"}
{"level":"info","message":"Executed query (SELECT COUNT(*) as count\n                       FROM information_schema.tables\n                       WHERE table_schema = ?\n                         AND table_name = ? [\"Qbox_EBD514\",\"players\"]) in 41.502ms'","module":"DBInterface","timestamp":"2025-10-13T19:45:23.227Z"}
{"level":"info","message":"Executed query (SHOW COLUMNS IN players []) in 4.2859ms'","module":"DBInterface","timestamp":"2025-10-13T19:45:23.231Z"}
{"level":"debug","message":"Database schema successfully validated","module":"boot","timestamp":"2025-10-13T19:45:23.231Z"}
{"level":"info","message":"New NPWD Player added through event (1) (D39B1C29)","module":"player","timestamp":"2025-10-13T19:46:41.337Z"}
{"level":"debug","message":{"_firstname":"Zlatan","_identifier":"D39B1C29","_lastname":"Ibrahim","_phoneNumber":"5902894243","source":1,"username":"pionc"},"module":"player","timestamp":"2025-10-13T19:46:41.337Z"}
{"level":"info","message":"New NPWD Player added through event (1) (D39B1C29)","module":"player","timestamp":"2025-10-13T19:46:41.340Z"}
{"level":"debug","message":{"_firstname":"Zlatan","_identifier":"D39B1C29","_lastname":"Ibrahim","_phoneNumber":"5902894243","source":1,"username":"pionc"},"module":"player","timestamp":"2025-10-13T19:46:41.340Z"}
{"level":"silly","message":"netPromise > npwd:fetchTweets > RequestObj","module":"events","timestamp":"2025-10-13T19:46:41.386Z"}
{"level":"silly","message":{"data":{"pageId":0},"source":1},"module":"events","timestamp":"2025-10-13T19:46:41.387Z"}
{"level":"info","message":"Executed query (\n        SELECT *\n        FROM npwd_twitter_profiles\n        WHERE identifier = ?\n        LIMIT 1\n\t\t [\"D39B1C29\"]) in 3.2873ms'","module":"DBInterface","timestamp":"2025-10-13T19:46:41.390Z"}
{"level":"info","message":"Executed query (\n        SELECT \n  npwd_twitter_tweets.id,\n  npwd_twitter_tweets.identifier,\n  npwd_twitter_profiles.id AS profile_id,\n  npwd_twitter_profiles.profile_name,\n  npwd_twitter_profiles.avatar_url,\n  npwd_twitter_tweets.likes,\n  npwd_twitter_tweets.visible,\n  IFNULL(COALESCE(retweets.message, npwd_twitter_tweets.message), '') AS message,\n  IFNULL(COALESCE(retweets.images, npwd_twitter_tweets.images), '') AS images,\n  npwd_twitter_tweets.retweet IS NOT NULL AS isRetweet,\n  retweets.id AS retweetId,\n  retweets_profiles.profile_name AS retweetProfileName,\n  retweets_profiles.avatar_url AS retweetAvatarUrl,\n  npwd_twitter_likes.id IS NOT NULL AS isLiked,\n  npwd_twitter_reports.id IS NOT NULL AS isReported,\n  npwd_twitter_tweets.createdAt,\n  npwd_twitter_tweets.updatedAt,\n  TIME_TO_SEC(TIMEDIFF( NOW(), npwd_twitter_tweets.createdAt)) AS seconds_since_tweet\n\n        FROM npwd_twitter_tweets\n                 LEFT OUTER JOIN npwd_twitter_profiles\n                                 ON npwd_twitter_tweets.identifier = npwd_twitter_profiles.identifier\n                 LEFT OUTER JOIN npwd_twitter_likes ON npwd_twitter_tweets.id = npwd_twitter_likes.tweet_id AND\n                                                       npwd_twitter_likes.profile_id = ?\n                 LEFT OUTER JOIN npwd_twitter_reports ON npwd_twitter_tweets.id = npwd_twitter_reports.tweet_id AND\n                                                         npwd_twitter_reports.profile_id = ?\n                 LEFT OUTER JOIN npwd_twitter_tweets AS retweets ON retweets.id = npwd_twitter_tweets.retweet\n                 LEFT OUTER JOIN npwd_twitter_profiles AS retweets_profiles\n                                 ON retweets.identifier = retweets_profiles.identifier\n        WHERE npwd_twitter_tweets.visible = 1\n        ORDER BY id DESC\n        LIMIT ? OFFSET ?\n\t\t [1,1,\"25\",\"0\"]) in 5.3642ms'","module":"DBInterface","timestamp":"2025-10-13T19:46:41.396Z"}
{"level":"silly","message":"Response Promise Event npwd:fetchTweets:f33c7ce9-4834-4d0f-9553-dce94fe2a1c9 (9.6071ms), Data >>","module":"events","timestamp":"2025-10-13T19:46:41.396Z"}
{"level":"silly","message":{"data":[{"avatar_url":"https://i.fivemanage.com/images/3ClWwmpwkFhL.png","createdAt":"2025-10-12T17:39:41.000Z","id":1,"identifier":"D39B1C29","images":"","isLiked":0,"isMine":true,"isReported":0,"isRetweet":false,"likes":0,"message":"qqqqqqqqqqqq","profile_id":1,"profile_name":"Zlatan_Ibrahim","retweetAvatarUrl":null,"retweetId":null,"retweetProfileName":null,"seconds_since_tweet":94020,"updatedAt":"2025-10-12T17:39:41.000Z","visible":1}],"status":"ok"},"module":"events","timestamp":"2025-10-13T19:46:41.396Z"}
{"level":"silly","message":"netPromise > npwd:getOrCreateTwitterProfile > RequestObj","module":"events","timestamp":"2025-10-13T19:46:41.488Z"}
{"level":"silly","message":{"data":null,"source":1},"module":"events","timestamp":"2025-10-13T19:46:41.488Z"}
{"level":"silly","message":"netPromise > phone:getMyProfile > RequestObj","module":"events","timestamp":"2025-10-13T19:46:41.488Z"}
{"level":"silly","message":{"data":null,"source":1},"module":"events","timestamp":"2025-10-13T19:46:41.488Z"}
{"level":"silly","message":"netPromise > npwd:fetchMessageGroups > RequestObj","module":"events","timestamp":"2025-10-13T19:46:41.489Z"}
{"level":"silly","message":{"data":null,"source":1},"module":"events","timestamp":"2025-10-13T19:46:41.489Z"}
{"level":"silly","message":"netPromise > npwd-contact-getAll > RequestObj","module":"events","timestamp":"2025-10-13T19:46:41.490Z"}
{"level":"silly","message":{"data":null,"source":1},"module":"events","timestamp":"2025-10-13T19:46:41.490Z"}
{"level":"info","message":"Executed query (\n        SELECT *\n        FROM npwd_twitter_profiles\n        WHERE identifier = ?\n        LIMIT 1\n\t\t [\"D39B1C29\"]) in 3.5452ms'","module":"DBInterface","timestamp":"2025-10-13T19:46:41.492Z"}
{"level":"silly","message":"Response Promise Event npwd:getOrCreateTwitterProfile:27e9a5ef-6802-4064-a284-5877b44c5875 (4.0911ms), Data >>","module":"events","timestamp":"2025-10-13T19:46:41.492Z"}
{"level":"silly","message":{"data":{"avatar_url":"https://i.fivemanage.com/images/3ClWwmpwkFhL.png","createdAt":"2025-10-12T17:36:36.000Z","id":1,"identifier":"D39B1C29","profile_name":"Zlatan_Ibrahim","updatedAt":"2025-10-12T17:36:36.000Z"},"status":"ok"},"module":"events","timestamp":"2025-10-13T19:46:41.492Z"}
{"level":"info","message":"Executed query (SELECT npwd_messages_conversations.id,\n                          npwd_messages_conversations.conversation_list         as conversationList,\n                          npwd_messages_participants.unread_count               as unreadCount,\n                          npwd_messages_conversations.is_group_chat             as isGroupChat,\n                          npwd_messages_conversations.label,\n                          UNIX_TIMESTAMP(npwd_messages_conversations.updatedAt) as updatedAt,\n                          npwd_messages_participants.participant\n                   FROM npwd_messages_conversations\n                            INNER JOIN npwd_messages_participants\n                                       on npwd_messages_conversations.id = npwd_messages_participants.conversation_id\n                   WHERE npwd_messages_participants.participant = ? [\"5902894243\"]) in 5.5335ms'","module":"DBInterface","timestamp":"2025-10-13T19:46:41.495Z"}
{"level":"silly","message":"Response Promise Event npwd:fetchMessageGroups:4a1b9f26-645b-417e-8d43-8a0c4dd20074 (5.8731ms), Data >>","module":"events","timestamp":"2025-10-13T19:46:41.495Z"}
{"level":"info","message":"Executed query (\n        SELECT *,\n               UNIX_TIMESTAMP(updatedAt) AS lastActive\n        FROM npwd_match_profiles\n        WHERE identifier = ?\n        LIMIT 1\n\t\t [\"D39B1C29\"]) in 7.09ms'","module":"DBInterface","timestamp":"2025-10-13T19:46:41.495Z"}
{"level":"info","message":"Executed query (SELECT * FROM npwd_phone_contacts WHERE identifier = ? ORDER BY display ASC [\"D39B1C29\"]) in 6.6972ms'","module":"DBInterface","timestamp":"2025-10-13T19:46:41.496Z"}
{"level":"silly","message":{"data":[],"status":"ok"},"module":"events","timestamp":"2025-10-13T19:46:41.495Z"}
{"level":"silly","message":"Response Promise Event phone:getMyProfile:52642758-02ac-4ad6-bf73-b488bfb30dd9 (7.7484ms), Data >>","module":"events","timestamp":"2025-10-13T19:46:41.496Z"}
{"level":"silly","message":{"data":{"bio":"","createdAt":"2025-10-12T17:36:36.000Z","id":1,"identifier":"D39B1C29","image":"https://upload.wikimedia.org/wikipedia/commons/a/ac/No_image_available.svg","job":"","lastActive":1760290596,"lastActiveFormatted":"Sun, 12 Oct 2025 17:36:36 GMT","location":"","name":"Zlatan Ibrahim","tagList":[],"tags":"","updatedAt":"2025-10-12T17:36:36.000Z","viewed":false,"voiceMessage":null},"status":"ok"},"module":"events","timestamp":"2025-10-13T19:46:41.496Z"}
{"level":"silly","message":"Response Promise Event npwd-contact-getAll:e1eba99b-f443-4817-a5ba-3b6e20182f3a (6.9847ms), Data >>","module":"events","timestamp":"2025-10-13T19:46:41.497Z"}
{"level":"silly","message":{"data":[],"status":"ok"},"module":"events","timestamp":"2025-10-13T19:46:41.497Z"}
{"level":"info","message":"Executed query (SELECT id FROM npwd_marketplace_listings WHERE identifier = ? [\"D39B1C29\"]) in 2.9597ms'","module":"DBInterface","timestamp":"2025-10-13T19:51:02.327Z"}
{"level":"info","message":"Executed query (DELETE FROM npwd_marketplace_listings WHERE identifier = ? AND reported = 0 [\"D39B1C29\"]) in 0.661ms'","module":"DBInterface","timestamp":"2025-10-13T19:51:02.328Z"}
{"level":"info","message":"Unloaded NPWD Player, source: (1)","module":"player","timestamp":"2025-10-13T19:51:02.328Z"}
{"level":"debug","message":"Marketplace service started","module":"marketplace","timestamp":"2025-10-13T19:51:20.534Z"}
{"level":"debug","message":"Call service started","module":"calls","timestamp":"2025-10-13T19:51:20.535Z"}
{"level":"debug","message":"Player Service started","module":"player","timestamp":"2025-10-13T19:51:20.535Z"}
{"level":"info","message":"Loading QBX bridge....","timestamp":"2025-10-13T19:51:20.535Z"}
{"level":"info","message":"QBX bridge initialized","timestamp":"2025-10-13T19:51:20.535Z"}
{"level":"debug","message":"Boot service started","module":"boot","timestamp":"2025-10-13T19:51:20.536Z"}
{"level":"debug","message":"Messages service started","module":"messages","timestamp":"2025-10-13T19:51:20.536Z"}
{"level":"debug","message":"Notes service started","module":"notes","timestamp":"2025-10-13T19:51:20.536Z"}
{"level":"debug","message":"Contacts service started","module":"contact","timestamp":"2025-10-13T19:51:20.536Z"}
{"level":"debug","message":"Photo service started","module":"photo","timestamp":"2025-10-13T19:51:20.552Z"}
{"level":"debug","message":"Twitter service started","module":"twitter","timestamp":"2025-10-13T19:51:20.552Z"}
{"level":"debug","message":"Match service started","module":"match","timestamp":"2025-10-13T19:51:20.552Z"}
{"level":"debug","message":"Beginning database schema validation","module":"boot","timestamp":"2025-10-13T19:51:21.229Z"}
{"level":"info","message":"Successfully started","timestamp":"2025-10-13T19:51:21.236Z"}
{"level":"info","message":"Executed query (SELECT COUNT(*) as count\n                       FROM information_schema.tables\n                       WHERE table_schema = ?\n                         AND table_name = ? [\"Qbox_EBD514\",\"players\"]) in 43.8749ms'","module":"DBInterface","timestamp":"2025-10-13T19:51:21.273Z"}
{"level":"info","message":"Executed query (SHOW COLUMNS IN players []) in 4.1912ms'","module":"DBInterface","timestamp":"2025-10-13T19:51:21.277Z"}
{"level":"debug","message":"Database schema successfully validated","module":"boot","timestamp":"2025-10-13T19:51:21.277Z"}
{"level":"info","message":"New NPWD Player added through event (1) (D8Q7260I)","module":"player","timestamp":"2025-10-13T19:53:47.090Z"}
{"level":"debug","message":{"_firstname":"Craft","_identifier":"D8Q7260I","_lastname":"Testdeux","_phoneNumber":"9372501379","source":1,"username":"pionc"},"module":"player","timestamp":"2025-10-13T19:53:47.090Z"}
{"level":"info","message":"New NPWD Player added through event (1) (D8Q7260I)","module":"player","timestamp":"2025-10-13T19:53:47.094Z"}
{"level":"debug","message":{"_firstname":"Craft","_identifier":"D8Q7260I","_lastname":"Testdeux","_phoneNumber":"9372501379","source":1,"username":"pionc"},"module":"player","timestamp":"2025-10-13T19:53:47.094Z"}
{"level":"silly","message":"netPromise > npwd:fetchTweets > RequestObj","module":"events","timestamp":"2025-10-13T19:53:47.139Z"}
{"level":"silly","message":{"data":{"pageId":0},"source":1},"module":"events","timestamp":"2025-10-13T19:53:47.139Z"}
{"level":"info","message":"Executed query (\n        SELECT *\n        FROM npwd_twitter_profiles\n        WHERE identifier = ?\n        LIMIT 1\n\t\t [\"D8Q7260I\"]) in 2.074ms'","module":"DBInterface","timestamp":"2025-10-13T19:53:47.142Z"}
{"level":"warn","message":"Aborted fetching tweets for user D8Q7260I because they do not have a profile.","module":"twitter","timestamp":"2025-10-13T19:53:47.142Z"}
{"level":"silly","message":"Response Promise Event npwd:fetchTweets:ebb9403c-029d-4299-a002-57b502fd376e (3.1931ms), Data >>","module":"events","timestamp":"2025-10-13T19:53:47.142Z"}
{"level":"silly","message":{"data":[],"status":"ok"},"module":"events","timestamp":"2025-10-13T19:53:47.142Z"}
{"level":"silly","message":"netPromise > npwd:getOrCreateTwitterProfile > RequestObj","module":"events","timestamp":"2025-10-13T19:53:47.189Z"}
{"level":"silly","message":{"data":null,"source":1},"module":"events","timestamp":"2025-10-13T19:53:47.189Z"}
{"level":"silly","message":"netPromise > phone:getMyProfile > RequestObj","module":"events","timestamp":"2025-10-13T19:53:47.189Z"}
{"level":"silly","message":{"data":null,"source":1},"module":"events","timestamp":"2025-10-13T19:53:47.189Z"}
{"level":"silly","message":"netPromise > npwd:fetchMessageGroups > RequestObj","module":"events","timestamp":"2025-10-13T19:53:47.190Z"}
{"level":"silly","message":{"data":null,"source":1},"module":"events","timestamp":"2025-10-13T19:53:47.190Z"}
{"level":"silly","message":"netPromise > npwd-contact-getAll > RequestObj","module":"events","timestamp":"2025-10-13T19:53:47.191Z"}
{"level":"silly","message":{"data":null,"source":1},"module":"events","timestamp":"2025-10-13T19:53:47.191Z"}
{"level":"info","message":"Executed query (\n        SELECT *\n        FROM npwd_twitter_profiles\n        WHERE identifier = ?\n        LIMIT 1\n\t\t [\"D8Q7260I\"]) in 5.3497ms'","module":"DBInterface","timestamp":"2025-10-13T19:53:47.194Z"}
{"level":"info","message":"Creating default Twitter profile Craft_Testdeux for D8Q7260I","module":"twitter","timestamp":"2025-10-13T19:53:47.195Z"}
{"level":"info","message":"Executed query (\n        SELECT *,\n               UNIX_TIMESTAMP(updatedAt) AS lastActive\n        FROM npwd_match_profiles\n        WHERE identifier = ?\n        LIMIT 1\n\t\t [\"D8Q7260I\"]) in 8.6142ms'","module":"DBInterface","timestamp":"2025-10-13T19:53:47.198Z"}
{"level":"info","message":"Creating default match profile Craft Testdeux for D8Q7260I","module":"match","timestamp":"2025-10-13T19:53:47.199Z"}
{"level":"info","message":"Executed query (SELECT npwd_messages_conversations.id,\n                          npwd_messages_conversations.conversation_list         as conversationList,\n                          npwd_messages_participants.unread_count               as unreadCount,\n                          npwd_messages_conversations.is_group_chat             as isGroupChat,\n                          npwd_messages_conversations.label,\n                          UNIX_TIMESTAMP(npwd_messages_conversations.updatedAt) as updatedAt,\n                          npwd_messages_participants.participant\n                   FROM npwd_messages_conversations\n                            INNER JOIN npwd_messages_participants\n                                       on npwd_messages_conversations.id = npwd_messages_participants.conversation_id\n                   WHERE npwd_messages_participants.participant = ? [\"9372501379\"]) in 8.8384ms'","module":"DBInterface","timestamp":"2025-10-13T19:53:47.199Z"}
{"level":"info","message":"Executed query (SELECT * FROM npwd_phone_contacts WHERE identifier = ? ORDER BY display ASC [\"D8Q7260I\"]) in 9.3078ms'","module":"DBInterface","timestamp":"2025-10-13T19:53:47.200Z"}
{"level":"silly","message":"Response Promise Event npwd:fetchMessageGroups:542c21d7-a26c-421d-99ea-31d80c511783 (9.1658ms), Data >>","module":"events","timestamp":"2025-10-13T19:53:47.200Z"}
{"level":"silly","message":{"data":[],"status":"ok"},"module":"events","timestamp":"2025-10-13T19:53:47.200Z"}
{"level":"silly","message":"Response Promise Event npwd-contact-getAll:b6990901-2db5-4136-be6e-685b535395bf (9.6064ms), Data >>","module":"events","timestamp":"2025-10-13T19:53:47.200Z"}
{"level":"silly","message":{"data":[],"status":"ok"},"module":"events","timestamp":"2025-10-13T19:53:47.201Z"}
{"level":"info","message":"Executed query (\n        SELECT *\n        FROM npwd_twitter_profiles\n        WHERE identifier = ?\n        LIMIT 1\n\t\t [\"D8Q7260I\"]) in 1.5189ms'","module":"DBInterface","timestamp":"2025-10-13T19:53:47.201Z"}
{"level":"silly","message":"Response Promise Event npwd:getOrCreateTwitterProfile:d894daa2-c02d-4594-85c5-4a4002c58958 (12.8643ms), Data >>","module":"events","timestamp":"2025-10-13T19:53:47.202Z"}
{"level":"silly","message":{"data":{"avatar_url":"https://i.fivemanage.com/images/3ClWwmpwkFhL.png","createdAt":"2025-10-13T19:53:47.000Z","id":2,"identifier":"D8Q7260I","profile_name":"Craft_Testdeux","updatedAt":"2025-10-13T19:53:47.000Z"},"status":"ok"},"module":"events","timestamp":"2025-10-13T19:53:47.202Z"}
{"level":"info","message":"Executed query (\n        SELECT *,\n               UNIX_TIMESTAMP(updatedAt) AS lastActive\n        FROM npwd_match_profiles\n        WHERE identifier = ?\n        LIMIT 1\n\t\t [\"D8Q7260I\"]) in 0.4578ms'","module":"DBInterface","timestamp":"2025-10-13T19:53:47.202Z"}
{"level":"silly","message":"Response Promise Event phone:getMyProfile:5f65e2c6-b26d-445a-a286-e611b4f0b4c5 (13.7184ms), Data >>","module":"events","timestamp":"2025-10-13T19:53:47.203Z"}
{"level":"silly","message":{"data":{"bio":"","createdAt":"2025-10-13T19:53:47.000Z","id":2,"identifier":"D8Q7260I","image":"https://upload.wikimedia.org/wikipedia/commons/a/ac/No_image_available.svg","job":"","lastActive":1760385227,"lastActiveFormatted":"Mon, 13 Oct 2025 19:53:47 GMT","location":"","name":"Craft Testdeux","tagList":[],"tags":"","updatedAt":"2025-10-13T19:53:47.000Z","viewed":false,"voiceMessage":null},"status":"ok"},"module":"events","timestamp":"2025-10-13T19:53:47.203Z"}
{"level":"info","message":"Executed query (SELECT id FROM npwd_marketplace_listings WHERE identifier = ? [\"D8Q7260I\"]) in 3.2704ms'","module":"DBInterface","timestamp":"2025-10-13T20:17:27.575Z"}
{"level":"info","message":"Executed query (DELETE FROM npwd_marketplace_listings WHERE identifier = ? AND reported = 0 [\"D8Q7260I\"]) in 1.514ms'","module":"DBInterface","timestamp":"2025-10-13T20:17:27.576Z"}
{"level":"info","message":"Unloaded NPWD Player, source: (1)","module":"player","timestamp":"2025-10-13T20:17:27.577Z"}
{"level":"debug","message":"Marketplace service started","module":"marketplace","timestamp":"2025-10-14T18:58:30.024Z"}
{"level":"debug","message":"Call service started","module":"calls","timestamp":"2025-10-14T18:58:30.026Z"}
{"level":"debug","message":"Player Service started","module":"player","timestamp":"2025-10-14T18:58:30.026Z"}
{"level":"info","message":"Loading QBX bridge....","timestamp":"2025-10-14T18:58:30.026Z"}
{"level":"info","message":"QBX bridge initialized","timestamp":"2025-10-14T18:58:30.026Z"}
{"level":"debug","message":"Boot service started","module":"boot","timestamp":"2025-10-14T18:58:30.026Z"}
{"level":"debug","message":"Messages service started","module":"messages","timestamp":"2025-10-14T18:58:30.026Z"}
{"level":"debug","message":"Notes service started","module":"notes","timestamp":"2025-10-14T18:58:30.027Z"}
{"level":"debug","message":"Contacts service started","module":"contact","timestamp":"2025-10-14T18:58:30.027Z"}
{"level":"debug","message":"Photo service started","module":"photo","timestamp":"2025-10-14T18:58:30.033Z"}
{"level":"debug","message":"Twitter service started","module":"twitter","timestamp":"2025-10-14T18:58:30.033Z"}
{"level":"debug","message":"Match service started","module":"match","timestamp":"2025-10-14T18:58:30.034Z"}
{"level":"debug","message":"Beginning database schema validation","module":"boot","timestamp":"2025-10-14T18:58:30.676Z"}
{"level":"info","message":"Successfully started","timestamp":"2025-10-14T18:58:30.683Z"}
{"level":"error","message":"Error executing (SELECT COUNT(*) as count\n                       FROM information_schema.tables\n                       WHERE table_schema = ?\n                         AND table_name = ? [\"Qbox_EBD514\",\"players\"]) with error message connect ECONNREFUSED 127.0.0.1:3306","module":"DBInterface","timestamp":"2025-10-14T18:58:30.709Z"}
